<?xml version="1.0" encoding="UTF-8"?>
<!-- Generated by org.testng.reporters.JUnitXMLReporter -->
<testsuite ignored="0" hostname="DellLap-51" failures="0" tests="4" name="Default test" time="13.896" errors="0" timestamp="2023-04-09T17:06:37 IST">
  <testcase classname="Run_Package.TestRun_Alert" name="firstalertrun" time="0.154"/>
  <testcase classname="Run_Package.TestRun_Alert" name="secondalertrun" time="6.251"/>
  <testcase classname="Run_Package.TestRun_Alert" name="thirdlertrun" time="0.035"/>
  <testcase classname="Run_Package.TestRun_Alert" name="fourthalertrun" time="0.046"/>
</testsuite> <!-- Default test -->
