<?xml version="1.0" encoding="UTF-8"?>
<testng-results ignored="0" total="4" passed="4" failed="0" skipped="0">
  <reporter-output>
  </reporter-output>
  <suite started-at="2023-04-09T17:06:23 IST" name="Default suite" finished-at="2023-04-09T17:06:37 IST" duration-ms="13896">
    <groups>
    </groups>
    <test started-at="2023-04-09T17:06:23 IST" name="Default test" finished-at="2023-04-09T17:06:37 IST" duration-ms="13896">
      <class name="Run_Package.TestRun_Alert">
        <test-method is-config="true" signature="setup()[pri:0, instance:Run_Package.TestRun_Alert@7b2bbc3]" started-at="2023-04-09T17:06:23 IST" name="setup" finished-at="2023-04-09T17:06:30 IST" duration-ms="7328" status="PASS">
          <reporter-output>
          </reporter-output>
        </test-method> <!-- setup -->
        <test-method signature="firstalertrun()[pri:1, instance:Run_Package.TestRun_Alert@7b2bbc3]" started-at="2023-04-09T17:06:30 IST" name="firstalertrun" finished-at="2023-04-09T17:06:30 IST" duration-ms="154" status="PASS">
          <reporter-output>
          </reporter-output>
        </test-method> <!-- firstalertrun -->
        <test-method signature="secondalertrun()[pri:2, instance:Run_Package.TestRun_Alert@7b2bbc3]" started-at="2023-04-09T17:06:30 IST" name="secondalertrun" finished-at="2023-04-09T17:06:37 IST" duration-ms="6251" status="PASS">
          <reporter-output>
          </reporter-output>
        </test-method> <!-- secondalertrun -->
        <test-method signature="thirdlertrun()[pri:3, instance:Run_Package.TestRun_Alert@7b2bbc3]" started-at="2023-04-09T17:06:37 IST" name="thirdlertrun" finished-at="2023-04-09T17:06:37 IST" duration-ms="35" status="PASS">
          <reporter-output>
          </reporter-output>
        </test-method> <!-- thirdlertrun -->
        <test-method signature="fourthalertrun()[pri:4, instance:Run_Package.TestRun_Alert@7b2bbc3]" started-at="2023-04-09T17:06:37 IST" name="fourthalertrun" finished-at="2023-04-09T17:06:37 IST" duration-ms="46" status="PASS">
          <reporter-output>
          </reporter-output>
        </test-method> <!-- fourthalertrun -->
      </class> <!-- Run_Package.TestRun_Alert -->
    </test> <!-- Default test -->
  </suite> <!-- Default suite -->
</testng-results>
